-------------------------------------------------------------------------------
Test set: ParkingServiceTest
-------------------------------------------------------------------------------
Tests run: 1, Failures: 0, Errors: 1, Skipped: 0, Time elapsed: 0.065 s <<< FAILURE! - in ParkingServiceTest
test  Time elapsed: 0.052 s  <<< ERROR!
java.lang.NullPointerException: Cannot invoke "java.util.Map.put(Object, Object)" because "this.commands" is null
	at ParkingServiceTest.test(ParkingServiceTest.java:17)

